{"/home/wellington/projetos_pinados/blogs-api/tests/helpers/constants.js": {"path":"/home/wellington/projetos_pinados/blogs-api/tests/helpers/constants.js","statementMap":{"0":{"start":{"line":1,"column":0},"end":{"line":9,"column":3}}},"fnMap":{},"branchMap":{},"s":{"0":1},"f":{},"b":{},"_coverageSchema":"1a1c01bbd47fc00a2c39e90264f33305004495a9","hash":"65ae96582aa815dcf1992f3950feafcbec32e264"}
,"/home/wellington/projetos_pinados/blogs-api/tests/helpers/queries.js": {"path":"/home/wellington/projetos_pinados/blogs-api/tests/helpers/queries.js","statementMap":{"0":{"start":{"line":1,"column":0},"end":{"line":97,"column":3}}},"fnMap":{},"branchMap":{},"s":{"0":1},"f":{},"b":{},"_coverageSchema":"1a1c01bbd47fc00a2c39e90264f33305004495a9","hash":"51bcc649cb464c0c823b0f61378c48790eca3e41"}
}
