TN:
SF:src/api.js
FNF:0
FNH:0
DA:1,1
DA:2,1
DA:3,1
DA:4,1
DA:5,1
DA:6,1
DA:7,1
DA:8,1
DA:9,1
DA:10,1
DA:11,1
DA:12,1
DA:13,1
DA:14,1
DA:15,1
LF:15
LH:15
BRDA:4,0,0,0
BRF:1
BRH:0
end_of_record
TN:
SF:src/server.js
FN:1,(empty-report)
FNF:1
FNH:0
FNDA:0,(empty-report)
DA:1,0
DA:2,0
DA:3,0
DA:4,0
DA:5,0
DA:6,0
DA:7,0
DA:8,0
DA:9,0
DA:10,0
DA:11,0
DA:12,0
LF:12
LH:0
BRDA:1,0,0,0
BRF:1
BRH:0
end_of_record
TN:
SF:src/controllers/categoryController.js
FN:5,findAll
FN:14,create
FNF:2
FNH:2
FNDA:2,findAll
FNDA:1,create
DA:1,1
DA:2,1
DA:3,1
DA:4,1
DA:5,1
DA:6,2
DA:7,2
DA:8,2
DA:9,2
DA:10,0
DA:11,0
DA:12,2
DA:13,1
DA:14,1
DA:15,1
DA:16,1
DA:17,1
DA:18,1
DA:19,1
DA:20,1
DA:21,0
DA:22,0
DA:23,1
DA:24,1
DA:25,1
LF:25
LH:21
BRDA:5,0,0,2
BRDA:9,1,0,0
BRDA:14,2,0,1
BRDA:20,3,0,0
BRF:4
BRH:2
end_of_record
TN:
SF:src/controllers/postController.js
FN:3,findBlogPostsAndCategories
FN:8,findBlogPostAndCategoryById
FN:15,search
FN:21,createBlogPost
FN:29,update
FN:39,destroy
FNF:6
FNH:6
FNDA:2,findBlogPostsAndCategories
FNDA:2,findBlogPostAndCategoryById
FNDA:2,search
FNDA:2,createBlogPost
FNDA:2,update
FNDA:3,destroy
DA:1,1
DA:2,1
DA:3,1
DA:4,2
DA:5,2
DA:6,2
DA:7,1
DA:8,1
DA:9,2
DA:10,2
DA:11,2
DA:12,1
DA:13,1
DA:14,1
DA:15,1
DA:16,2
DA:17,2
DA:18,2
DA:19,2
DA:20,1
DA:21,1
DA:22,2
DA:23,2
DA:24,2
DA:25,2
DA:26,1
DA:27,1
DA:28,1
DA:29,1
DA:30,2
DA:31,2
DA:32,2
DA:33,2
DA:34,2
DA:35,2
DA:36,1
DA:37,1
DA:38,1
DA:39,1
DA:40,3
DA:41,3
DA:42,3
DA:43,3
DA:44,3
DA:45,1
DA:46,3
DA:47,1
DA:48,1
DA:49,1
DA:50,1
DA:51,1
DA:52,1
DA:53,1
DA:54,1
LF:54
LH:54
BRDA:3,0,0,2
BRDA:8,1,0,2
BRDA:11,2,0,1
BRDA:15,3,0,2
BRDA:21,4,0,2
BRDA:25,5,0,1
BRDA:29,6,0,2
BRDA:35,7,0,1
BRDA:39,8,0,3
BRDA:43,9,0,1
BRDA:43,10,0,2
BRDA:44,11,0,1
BRF:12
BRH:12
end_of_record
TN:
SF:src/controllers/userController.js
FN:6,login
FN:19,findByPk
FN:30,findAll
FN:40,create
FN:53,destroy
FNF:5
FNH:5
FNDA:28,login
FNDA:2,findByPk
FNDA:1,findAll
FNDA:3,create
FNDA:1,destroy
DA:1,1
DA:2,1
DA:3,1
DA:4,1
DA:5,1
DA:6,1
DA:7,28
DA:8,28
DA:9,28
DA:10,28
DA:11,28
DA:12,27
DA:13,27
DA:14,28
DA:15,0
DA:16,0
DA:17,28
DA:18,1
DA:19,1
DA:20,2
DA:21,2
DA:22,2
DA:23,2
DA:24,1
DA:25,2
DA:26,0
DA:27,0
DA:28,2
DA:29,1
DA:30,1
DA:31,1
DA:32,1
DA:33,1
DA:34,1
DA:35,1
DA:36,0
DA:37,0
DA:38,1
DA:39,1
DA:40,1
DA:41,3
DA:42,3
DA:43,3
DA:44,3
DA:45,3
DA:46,1
DA:47,1
DA:48,3
DA:49,0
DA:50,0
DA:51,3
DA:52,1
DA:53,1
DA:54,1
DA:55,1
DA:56,1
DA:57,1
DA:58,1
DA:59,0
DA:60,0
DA:61,1
DA:62,1
DA:63,1
LF:63
LH:53
BRDA:6,0,0,28
BRDA:11,1,0,27
BRDA:11,2,0,1
BRDA:14,3,0,0
BRDA:19,4,0,2
BRDA:23,5,0,1
BRDA:25,6,0,0
BRDA:30,7,0,1
BRDA:33,8,0,0
BRDA:35,9,0,0
BRDA:40,10,0,3
BRDA:45,11,0,2
BRDA:45,12,0,1
BRDA:48,13,0,0
BRDA:53,14,0,1
BRDA:58,15,0,0
BRF:16
BRH:10
end_of_record
TN:
SF:src/database/config/config.js
FNF:0
FNH:0
DA:1,1
DA:2,1
DA:3,1
DA:4,1
DA:5,1
DA:6,1
DA:7,1
DA:8,1
DA:9,1
DA:10,1
DA:11,1
DA:12,1
DA:13,1
DA:14,1
DA:15,1
DA:16,1
LF:16
LH:16
BRDA:2,0,0,0
BRF:1
BRH:0
end_of_record
TN:
SF:src/database/models/blogPost.js
FN:10,Object.<anonymous>.module.exports
FN:44,BlogPosts.associate
FNF:2
FNH:2
FNDA:15,Object.<anonymous>.module.exports
FNDA:15,BlogPosts.associate
DA:1,1
DA:2,1
DA:3,1
DA:4,1
DA:5,1
DA:6,1
DA:7,1
DA:8,1
DA:9,1
DA:10,1
DA:11,15
DA:12,15
DA:13,15
DA:14,15
DA:15,15
DA:16,15
DA:17,15
DA:18,15
DA:19,15
DA:20,15
DA:21,15
DA:22,15
DA:23,15
DA:24,15
DA:25,15
DA:26,15
DA:27,15
DA:28,15
DA:29,15
DA:30,15
DA:31,15
DA:32,15
DA:33,15
DA:34,15
DA:35,15
DA:36,15
DA:37,15
DA:38,15
DA:39,15
DA:40,15
DA:41,15
DA:42,15
DA:43,15
DA:44,15
DA:45,15
DA:46,15
DA:47,15
DA:48,15
DA:49,15
LF:49
LH:49
BRDA:10,0,0,15
BRDA:44,1,0,15
BRF:2
BRH:2
end_of_record
TN:
SF:src/database/models/category.js
FN:1,Object.<anonymous>.module.exports
FNF:1
FNH:1
FNDA:15,Object.<anonymous>.module.exports
DA:1,1
DA:2,15
DA:3,15
DA:4,15
DA:5,15
DA:6,15
DA:7,15
DA:8,15
DA:9,15
DA:10,15
DA:11,15
DA:12,15
DA:13,15
DA:14,15
DA:15,15
LF:15
LH:15
BRDA:1,0,0,15
BRF:1
BRH:1
end_of_record
TN:
SF:src/database/models/index.js
FNF:0
FNH:0
DA:1,1
DA:2,1
DA:3,1
DA:4,1
DA:5,1
DA:6,1
DA:7,1
DA:8,1
DA:9,1
DA:10,1
DA:11,1
DA:12,1
DA:13,1
DA:14,1
DA:15,75
DA:16,75
DA:17,1
DA:18,60
DA:19,60
DA:20,1
DA:21,1
DA:22,1
DA:23,60
DA:24,45
DA:25,45
DA:26,1
DA:27,1
DA:28,1
DA:29,1
DA:30,1
DA:31,1
LF:31
LH:31
BRDA:14,0,0,75
BRDA:15,1,0,60
BRDA:17,2,0,60
BRDA:22,3,0,60
BRDA:23,4,0,45
BRF:5
BRH:5
end_of_record
TN:
SF:src/database/models/postCategory.js
FN:1,Object.<anonymous>.module.exports
FN:19,PostCategory.associate
FNF:2
FNH:2
FNDA:15,Object.<anonymous>.module.exports
FNDA:15,PostCategory.associate
DA:1,1
DA:2,15
DA:3,15
DA:4,15
DA:5,15
DA:6,15
DA:7,15
DA:8,15
DA:9,15
DA:10,15
DA:11,15
DA:12,15
DA:13,15
DA:14,15
DA:15,15
DA:16,15
DA:17,15
DA:18,15
DA:19,15
DA:20,15
DA:21,15
DA:22,15
DA:23,15
DA:24,15
DA:25,15
DA:26,15
DA:27,15
DA:28,15
DA:29,15
DA:30,15
DA:31,15
DA:32,15
DA:33,15
DA:34,15
DA:35,15
DA:36,15
LF:36
LH:36
BRDA:1,0,0,15
BRDA:19,1,0,15
BRF:2
BRH:2
end_of_record
TN:
SF:src/database/models/user.js
FN:1,Object.<anonymous>.module.exports
FN:30,User.associate
FNF:2
FNH:2
FNDA:15,Object.<anonymous>.module.exports
FNDA:15,User.associate
DA:1,1
DA:2,15
DA:3,15
DA:4,15
DA:5,15
DA:6,15
DA:7,15
DA:8,15
DA:9,15
DA:10,15
DA:11,15
DA:12,15
DA:13,15
DA:14,15
DA:15,15
DA:16,15
DA:17,15
DA:18,15
DA:19,15
DA:20,15
DA:21,15
DA:22,15
DA:23,15
DA:24,15
DA:25,15
DA:26,15
DA:27,15
DA:28,15
DA:29,15
DA:30,15
DA:31,15
DA:32,15
DA:33,15
DA:34,15
DA:35,15
LF:35
LH:35
BRDA:1,0,0,15
BRDA:30,1,0,15
BRF:2
BRH:2
end_of_record
TN:
SF:src/middlewares/createCategoryValidation.js
FN:3,createCategoryValidation
FNF:1
FNH:1
FNDA:2,createCategoryValidation
DA:1,1
DA:2,1
DA:3,1
DA:4,2
DA:5,2
DA:6,2
DA:7,2
DA:8,2
DA:9,1
DA:10,1
DA:11,1
DA:12,1
DA:13,1
LF:13
LH:13
BRDA:3,0,0,2
BRDA:8,1,0,1
BRF:2
BRH:2
end_of_record
TN:
SF:src/middlewares/createPostValidation.js
FN:3,createPostValidation
FNF:1
FNH:1
FNDA:5,createPostValidation
DA:1,1
DA:2,1
DA:3,1
DA:4,5
DA:5,5
DA:6,5
DA:7,2
DA:8,2
DA:9,1
DA:10,1
LF:10
LH:10
BRDA:3,0,0,5
BRDA:6,1,0,3
BRDA:6,2,0,2
BRF:3
BRH:3
end_of_record
TN:
SF:src/middlewares/createUserValidation.js
FN:3,createUserValidation
FNF:1
FNH:1
FNDA:6,createUserValidation
DA:1,1
DA:2,1
DA:3,1
DA:4,6
DA:5,6
DA:6,6
DA:7,6
DA:8,6
DA:9,3
DA:10,3
DA:11,3
DA:12,1
DA:13,1
LF:13
LH:13
BRDA:3,0,0,6
BRDA:8,1,0,3
BRF:2
BRH:2
end_of_record
TN:
SF:src/middlewares/loginValidation.js
FN:3,loginValidation
FNF:1
FNH:1
FNDA:29,loginValidation
DA:1,1
DA:2,1
DA:3,1
DA:4,29
DA:5,29
DA:6,29
DA:7,29
DA:8,29
DA:9,28
DA:10,28
DA:11,28
DA:12,1
DA:13,1
LF:13
LH:13
BRDA:3,0,0,29
BRDA:8,1,0,1
BRDA:8,2,0,28
BRF:3
BRH:3
end_of_record
TN:
SF:src/middlewares/tokenValidation.js
FN:3,tokenValidation
FNF:1
FNH:1
FNDA:30,tokenValidation
DA:1,1
DA:2,1
DA:3,1
DA:4,30
DA:5,30
DA:6,28
DA:7,28
DA:8,28
DA:9,26
DA:10,26
DA:11,26
DA:12,26
DA:13,26
DA:14,1
DA:15,1
LF:15
LH:15
BRDA:3,0,0,30
BRDA:5,1,0,2
BRDA:5,2,0,28
BRDA:8,3,0,2
BRDA:8,4,0,26
BRF:5
BRH:5
end_of_record
TN:
SF:src/middlewares/updatePostValidation.js
FN:3,updatePostValidation
FNF:1
FNH:1
FNDA:4,updatePostValidation
DA:1,1
DA:2,1
DA:3,1
DA:4,4
DA:5,4
DA:6,4
DA:7,4
DA:8,4
DA:9,2
DA:10,2
DA:11,2
DA:12,1
DA:13,1
LF:13
LH:13
BRDA:3,0,0,4
BRDA:8,1,0,2
BRF:2
BRH:2
end_of_record
TN:
SF:src/routes/categotyRoute.js
FNF:0
FNH:0
DA:1,1
DA:2,1
DA:3,1
DA:4,1
DA:5,1
DA:6,1
DA:7,1
DA:8,1
DA:9,1
DA:10,1
DA:11,1
LF:11
LH:11
BRF:0
BRH:0
end_of_record
TN:
SF:src/routes/index.js
FNF:0
FNH:0
DA:1,1
DA:2,1
DA:3,1
DA:4,1
DA:5,1
DA:6,1
LF:6
LH:6
BRF:0
BRH:0
end_of_record
TN:
SF:src/routes/loginRoute.js
FNF:0
FNH:0
DA:1,1
DA:2,1
DA:3,1
DA:4,1
DA:5,1
DA:6,1
DA:7,1
DA:8,1
DA:9,1
LF:9
LH:9
BRF:0
BRH:0
end_of_record
TN:
SF:src/routes/postRoute.js
FNF:0
FNH:0
DA:1,1
DA:2,1
DA:3,1
DA:4,1
DA:5,1
DA:6,1
DA:7,1
DA:8,1
DA:9,1
DA:10,1
DA:11,1
DA:12,1
DA:13,1
DA:14,1
DA:15,1
DA:16,1
LF:16
LH:16
BRF:0
BRH:0
end_of_record
TN:
SF:src/routes/userRoute.js
FNF:0
FNH:0
DA:1,1
DA:2,1
DA:3,1
DA:4,1
DA:5,1
DA:6,1
DA:7,1
DA:8,1
DA:9,1
DA:10,1
DA:11,1
DA:12,1
DA:13,1
LF:13
LH:13
BRF:0
BRH:0
end_of_record
TN:
SF:src/services/categoryService.js
FN:3,findAll
FN:8,create
FNF:2
FNH:2
FNDA:2,findAll
FNDA:1,create
DA:1,1
DA:2,1
DA:3,1
DA:4,2
DA:5,2
DA:6,2
DA:7,1
DA:8,1
DA:9,1
DA:10,1
DA:11,1
DA:12,1
DA:13,1
LF:13
LH:13
BRDA:3,0,0,2
BRDA:8,1,0,1
BRF:2
BRH:2
end_of_record
TN:
SF:src/services/postService.js
FN:9,findByPk
FN:15,findBlogPostsAndCategories
FN:25,findBlogPostAndCategoryById
FN:35,search
FN:57,createBlogPost
FN:81,update
FN:91,destroy
FNF:7
FNH:7
FNDA:1,findByPk
FNDA:2,findBlogPostsAndCategories
FNDA:3,findBlogPostAndCategoryById
FNDA:2,search
FNDA:2,createBlogPost
FNDA:2,update
FNDA:3,destroy
DA:1,1
DA:2,1
DA:3,1
DA:4,1
DA:5,1
DA:6,1
DA:7,1
DA:8,1
DA:9,1
DA:10,1
DA:11,1
DA:12,1
DA:13,1
DA:14,1
DA:15,1
DA:16,2
DA:17,2
DA:18,2
DA:19,2
DA:20,2
DA:21,2
DA:22,2
DA:23,2
DA:24,1
DA:25,1
DA:26,3
DA:27,3
DA:28,3
DA:29,3
DA:30,3
DA:31,3
DA:32,3
DA:33,3
DA:34,1
DA:35,1
DA:36,2
DA:37,2
DA:38,2
DA:39,2
DA:40,2
DA:41,2
DA:42,2
DA:43,2
DA:44,2
DA:45,2
DA:46,2
DA:47,2
DA:48,2
DA:49,2
DA:50,2
DA:51,2
DA:52,2
DA:53,2
DA:54,2
DA:55,2
DA:56,1
DA:57,1
DA:58,2
DA:59,2
DA:60,2
DA:61,2
DA:62,2
DA:63,2
DA:64,2
DA:65,1
DA:66,1
DA:67,1
DA:68,1
DA:69,1
DA:70,1
DA:71,1
DA:72,1
DA:73,1
DA:74,1
DA:75,1
DA:76,1
DA:77,1
DA:78,1
DA:79,1
DA:80,1
DA:81,1
DA:82,2
DA:83,2
DA:84,2
DA:85,1
DA:86,1
DA:87,1
DA:88,1
DA:89,1
DA:90,1
DA:91,1
DA:92,3
DA:93,3
DA:94,3
DA:95,1
DA:96,1
DA:97,1
DA:98,1
DA:99,1
DA:100,1
DA:101,1
DA:102,1
DA:103,1
DA:104,1
DA:105,1
DA:106,1
DA:107,1
DA:108,1
DA:109,1
DA:110,1
LF:110
LH:110
BRDA:9,0,0,1
BRDA:11,1,0,0
BRDA:15,2,0,2
BRDA:25,3,0,3
BRDA:35,4,0,2
BRDA:57,5,0,2
BRDA:64,6,0,1
BRDA:59,7,0,2
BRDA:64,8,0,2
BRDA:70,9,0,1
BRDA:81,10,0,2
BRDA:84,11,0,1
BRDA:91,12,0,3
BRDA:93,13,0,1
BRDA:93,14,0,2
BRDA:94,15,0,1
BRF:16
BRH:15
end_of_record
TN:
SF:src/services/userService.js
FN:4,findByEmail
FN:14,findByPk
FN:21,findAll
FN:29,create
FN:38,destroy
FNF:5
FNH:5
FNDA:31,findByEmail
FNDA:4,findByPk
FNDA:3,findAll
FNDA:5,create
FNDA:2,destroy
DA:1,1
DA:2,1
DA:3,1
DA:4,1
DA:5,31
DA:6,31
DA:7,31
DA:8,28
DA:9,28
DA:10,28
DA:11,28
DA:12,28
DA:13,1
DA:14,1
DA:15,4
DA:16,4
DA:17,2
DA:18,2
DA:19,2
DA:20,1
DA:21,1
DA:22,3
DA:23,3
DA:24,3
DA:25,3
DA:26,2
DA:27,2
DA:28,1
DA:29,1
DA:30,5
DA:31,5
DA:32,2
DA:33,2
DA:34,2
DA:35,2
DA:36,2
DA:37,1
DA:38,1
DA:39,2
DA:40,2
DA:41,2
DA:42,2
DA:43,2
DA:44,1
DA:45,1
LF:45
LH:45
BRDA:4,0,0,31
BRDA:7,1,0,29
BRDA:7,2,0,30
BRDA:7,3,0,3
BRDA:7,4,0,28
BRDA:14,5,0,4
BRDA:16,6,0,2
BRDA:21,7,0,3
BRDA:25,8,0,2
BRDA:25,9,0,1
BRDA:29,10,0,5
BRDA:31,11,0,4
BRDA:31,12,0,3
BRDA:31,13,0,2
BRDA:38,14,0,2
BRF:15
BRH:15
end_of_record
